[debug] [2026-02-08T00:31:26.186Z] ----------------------------------------------------------------------
[debug] [2026-02-08T00:31:26.192Z] Command:       /nix/store/qds3rzxwqrkvhzjxgcb95d2qx4sd9b1l-nodejs-20.11.1/bin/node /home/user/.npm/_npx/ba4f1959e38407b5/node_modules/.bin/firebase init
[debug] [2026-02-08T00:31:26.193Z] CLI Version:   15.5.1
[debug] [2026-02-08T00:31:26.193Z] Platform:      linux
[debug] [2026-02-08T00:31:26.194Z] Node Version:  v20.11.1
[debug] [2026-02-08T00:31:26.194Z] Time:          Sun Feb 08 2026 00:31:26 GMT+0000 (Coordinated Universal Time)
[debug] [2026-02-08T00:31:26.195Z] ----------------------------------------------------------------------
[debug] 
[debug] [2026-02-08T00:31:28.417Z] Checked if tokens are valid: true, expires at: 1770514145630
[debug] [2026-02-08T00:31:28.418Z] Checked if tokens are valid: true, expires at: 1770514145630
[debug] [2026-02-08T00:31:28.422Z] >>> [apiv2][query] GET https://monospace-pa.googleapis.com/v1/workspaces/travel-roulette-49074598 [none]
[debug] [2026-02-08T00:31:29.692Z] <<< [apiv2][status] GET https://monospace-pa.googleapis.com/v1/workspaces/travel-roulette-49074598 200
[debug] [2026-02-08T00:31:29.695Z] <<< [apiv2][body] GET https://monospace-pa.googleapis.com/v1/workspaces/travel-roulette-49074598 {"workspaceId":"travel-roulette-49074598","name":"Travel roulette","workspaceRedirectUrl":"firebase-travel-roulette-1770507257422.cluster-va5f6x3wzzh4stde63ddr3qgge.cloudworkstations.dev","status":"WORKSPACE_STATUS_RUNNING","lastAccessDatetime":"2026-02-08T00:09:59.504391Z","workspaceTemplate":"WORKSPACE_TEMPLATE_BLANK_WEB","owner":"SELF","serviceAccountEmail":"msp-8336952141038308714@monospace-1.iam.gserviceaccount.com","enableNix":true,"ownerEmail":"nhck0052@gmail.com","workspaceImageUrl":"https://www.gstatic.com/monospace/231115/logo_html.svg","templateArgs":"{\"__agentic_workspace\":true}","templateRepoUrl":"file:///usr/local/monospace/templates/public/blank-web","workstationAccessToken":"eyJhbGciOiJSUzI1NiIsInR5cCI6IkpXVCJ9.eyJpc3MiOiJodHRwczovL2Nsb3VkLmdvb2dsZS5jb20vd29ya3N0YXRpb25zIiwiYXVkIjoiZmlyZWJhc2UtdHJhdmVsLXJvdWxldHRlLTE3NzA1MDcyNTc0MjIuY2x1c3Rlci12YTVmNngzd3p6aDRzdGRlNjNkZHIzcWdnZS5jbG91ZHdvcmtzdGF0aW9ucy5kZXYiLCJpYXQiOjE3NzA1MTA2ODksImV4cCI6MTc3MDU5NzA4OX0.kBXH5Q4tjjYHxTF7JWti4wSCOQ1w4iO9g9Gf1yVIU-ihHrzJCF9FNY8qRVl4jpdBjfUpmQDGMkX7c3E04fu5TDbNdqYuQvEozcDaxU7odo2YWAwdk75drimh3lkUrOZNaTjzQ_MKHkpV9OPzwW78ES396SJt7yZ2Ya_AMj5eqvVMGZAhO55iCkJX-w84T_sitKf5BhDWRbaq84CoI7v9oXh-OF1t8b2bycTJV3gw2wSMkZ1P7K_fUDwD0xDoLYvBXgrvobr0q-JuV4FMe1eGMPuBf33XGP1QV7YimCXnYvjvTKGmKgqZp53uNecW2vbCl0jwuN0fgONIXO880ehWDQ"}
[info] 
     ######## #### ########  ######## ########     ###     ######  ########
     ##        ##  ##     ## ##       ##     ##  ##   ##  ##       ##
     ######    ##  ########  ######   ########  #########  ######  ######
     ##        ##  ##    ##  ##       ##     ## ##     ##       ## ##
     ##       #### ##     ## ######## ########  ##     ##  ######  ########

You're about to initialize a Firebase project in this directory:

  /home/user/travel-roulette

[debug] [2026-02-08T00:36:42.630Z] ----------------------------------------------------------------------
[debug] [2026-02-08T00:36:42.636Z] Command:       /nix/store/qds3rzxwqrkvhzjxgcb95d2qx4sd9b1l-nodejs-20.11.1/bin/node /home/user/.npm/_npx/ba4f1959e38407b5/node_modules/.bin/firebase init
[debug] [2026-02-08T00:36:42.637Z] CLI Version:   15.5.1
[debug] [2026-02-08T00:36:42.638Z] Platform:      linux
[debug] [2026-02-08T00:36:42.638Z] Node Version:  v20.11.1
[debug] [2026-02-08T00:36:42.638Z] Time:          Sun Feb 08 2026 00:36:42 GMT+0000 (Coordinated Universal Time)
[debug] [2026-02-08T00:36:42.638Z] ----------------------------------------------------------------------
[debug] 
[debug] [2026-02-08T00:36:44.371Z] Checked if tokens are valid: true, expires at: 1770514145630
[debug] [2026-02-08T00:36:44.372Z] Checked if tokens are valid: true, expires at: 1770514145630
[debug] [2026-02-08T00:36:44.377Z] >>> [apiv2][query] GET https://monospace-pa.googleapis.com/v1/workspaces/travel-roulette-49074598 [none]
[debug] [2026-02-08T00:36:45.497Z] <<< [apiv2][status] GET https://monospace-pa.googleapis.com/v1/workspaces/travel-roulette-49074598 200
[debug] [2026-02-08T00:36:45.497Z] <<< [apiv2][body] GET https://monospace-pa.googleapis.com/v1/workspaces/travel-roulette-49074598 {"workspaceId":"travel-roulette-49074598","name":"Travel roulette","workspaceRedirectUrl":"firebase-travel-roulette-1770507257422.cluster-va5f6x3wzzh4stde63ddr3qgge.cloudworkstations.dev","status":"WORKSPACE_STATUS_RUNNING","lastAccessDatetime":"2026-02-08T00:09:59.504391Z","workspaceTemplate":"WORKSPACE_TEMPLATE_BLANK_WEB","owner":"SELF","serviceAccountEmail":"msp-8336952141038308714@monospace-1.iam.gserviceaccount.com","enableNix":true,"ownerEmail":"nhck0052@gmail.com","workspaceImageUrl":"https://www.gstatic.com/monospace/231115/logo_html.svg","templateArgs":"{\"__agentic_workspace\":true}","templateRepoUrl":"file:///usr/local/monospace/templates/public/blank-web","workstationAccessToken":"eyJhbGciOiJSUzI1NiIsInR5cCI6IkpXVCJ9.eyJpc3MiOiJodHRwczovL2Nsb3VkLmdvb2dsZS5jb20vd29ya3N0YXRpb25zIiwiYXVkIjoiZmlyZWJhc2UtdHJhdmVsLXJvdWxldHRlLTE3NzA1MDcyNTc0MjIuY2x1c3Rlci12YTVmNngzd3p6aDRzdGRlNjNkZHIzcWdnZS5jbG91ZHdvcmtzdGF0aW9ucy5kZXYiLCJpYXQiOjE3NzA1MTEwMDUsImV4cCI6MTc3MDU5NzQwNX0.fBLdsQq5eGAnhBmFaCzmPA4Rs0dMMnugdc3BYPDoP344nNTW53vjOQAimJ14nQKUwCQzRCmr2E1Y16m90PT5QtRfmBdYWpO5Autg2ejIeeAlfiXlx28JcfbLw9IwLMQDMBBwCeLLS2efmvwOGL3NRk2t8Bp09o285YRjpKy26ZrKDXQqHJSl5HMDfUisxCAK7K6-7Niff2B9NDVaon7Jk6HWJ9kOPEXVBQBjyz1Z46IAF1dQkb6riNNOJFHPkxF_ikDrHC7fC1jdCjAqVpZfVrnHbOSqueSe_p3Q95VNQVQcGzIxbFfqS5f_NTk6rQGTm61weyvXnLJ5J9spHfVoHQ"}
[info] 
     ######## #### ########  ######## ########     ###     ######  ########
     ##        ##  ##     ## ##       ##     ##  ##   ##  ##       ##
     ######    ##  ########  ######   ########  #########  ######  ######
     ##        ##  ##    ##  ##       ##     ## ##     ##       ## ##
     ##       #### ##     ## ######## ########  ##     ##  ######  ########

You're about to initialize a Firebase project in this directory:

  /home/user/travel-roulette

[debug] [2026-02-08T00:41:55.686Z] ----------------------------------------------------------------------
[debug] [2026-02-08T00:41:55.691Z] Command:       /nix/store/qds3rzxwqrkvhzjxgcb95d2qx4sd9b1l-nodejs-20.11.1/bin/node /home/user/.npm/_npx/ba4f1959e38407b5/node_modules/.bin/firebase init
[debug] [2026-02-08T00:41:55.692Z] CLI Version:   15.5.1
[debug] [2026-02-08T00:41:55.692Z] Platform:      linux
[debug] [2026-02-08T00:41:55.693Z] Node Version:  v20.11.1
[debug] [2026-02-08T00:41:55.693Z] Time:          Sun Feb 08 2026 00:41:55 GMT+0000 (Coordinated Universal Time)
[debug] [2026-02-08T00:41:55.695Z] ----------------------------------------------------------------------
[debug] 
[debug] [2026-02-08T00:41:57.524Z] Checked if tokens are valid: true, expires at: 1770514145630
[debug] [2026-02-08T00:41:57.525Z] Checked if tokens are valid: true, expires at: 1770514145630
[debug] [2026-02-08T00:41:57.529Z] >>> [apiv2][query] GET https://monospace-pa.googleapis.com/v1/workspaces/travel-roulette-49074598 [none]
[debug] [2026-02-08T00:41:58.416Z] <<< [apiv2][status] GET https://monospace-pa.googleapis.com/v1/workspaces/travel-roulette-49074598 200
[debug] [2026-02-08T00:41:58.417Z] <<< [apiv2][body] GET https://monospace-pa.googleapis.com/v1/workspaces/travel-roulette-49074598 {"workspaceId":"travel-roulette-49074598","name":"Travel roulette","workspaceRedirectUrl":"firebase-travel-roulette-1770507257422.cluster-va5f6x3wzzh4stde63ddr3qgge.cloudworkstations.dev","status":"WORKSPACE_STATUS_RUNNING","lastAccessDatetime":"2026-02-08T00:09:59.504391Z","workspaceTemplate":"WORKSPACE_TEMPLATE_BLANK_WEB","owner":"SELF","serviceAccountEmail":"msp-8336952141038308714@monospace-1.iam.gserviceaccount.com","enableNix":true,"ownerEmail":"nhck0052@gmail.com","workspaceImageUrl":"https://www.gstatic.com/monospace/231115/logo_html.svg","templateArgs":"{\"__agentic_workspace\":true}","templateRepoUrl":"file:///usr/local/monospace/templates/public/blank-web","workstationAccessToken":"eyJhbGciOiJSUzI1NiIsInR5cCI6IkpXVCJ9.eyJpc3MiOiJodHRwczovL2Nsb3VkLmdvb2dsZS5jb20vd29ya3N0YXRpb25zIiwiYXVkIjoiZmlyZWJhc2UtdHJhdmVsLXJvdWxldHRlLTE3NzA1MDcyNTc0MjIuY2x1c3Rlci12YTVmNngzd3p6aDRzdGRlNjNkZHIzcWdnZS5jbG91ZHdvcmtzdGF0aW9ucy5kZXYiLCJpYXQiOjE3NzA1MTEzMTgsImV4cCI6MTc3MDU5NzcxOH0.JoO7DsVaieWnMexsJwlNbQBuwDsu-dkp3FETjMgqWghH6YjnqlSdk9mJorThO3hRqlNuEJNQjG2idgijPTLkHh1aH8XEUr3J8V52huBAaxmCuupQCwZsQYpkXj5wSXj0CjTncz-q_2gv7ROihXaVKL9c61iNL4ALezOx8mLBcGwViUMWJBmHYPmK1ANenLMkR_hphora6jb9IWoIttwCzNzk7zSHHa-S2HOSZgd4T5aKswL-p_hTyXinnYcs5Lt1LZBedSivZdSBJqzXtv0RXrT839cFt0c7ccyhMQCZRd56sv_9EvBGy-FssxvMwyYy8ixRbygaC_AtcIziUY78bg"}
[info] 
     ######## #### ########  ######## ########     ###     ######  ########
     ##        ##  ##     ## ##       ##     ##  ##   ##  ##       ##
     ######    ##  ########  ######   ########  #########  ######  ######
     ##        ##  ##    ##  ##       ##     ## ##     ##       ## ##
     ##       #### ##     ## ######## ########  ##     ##  ######  ########

You're about to initialize a Firebase project in this directory:

  /home/user/travel-roulette

[debug] [2026-02-08T00:47:09.644Z] ----------------------------------------------------------------------
[debug] [2026-02-08T00:47:09.648Z] Command:       /nix/store/qds3rzxwqrkvhzjxgcb95d2qx4sd9b1l-nodejs-20.11.1/bin/node /home/user/.npm/_npx/ba4f1959e38407b5/node_modules/.bin/firebase init
[debug] [2026-02-08T00:47:09.649Z] CLI Version:   15.5.1
[debug] [2026-02-08T00:47:09.649Z] Platform:      linux
[debug] [2026-02-08T00:47:09.649Z] Node Version:  v20.11.1
[debug] [2026-02-08T00:47:09.649Z] Time:          Sun Feb 08 2026 00:47:09 GMT+0000 (Coordinated Universal Time)
[debug] [2026-02-08T00:47:09.650Z] ----------------------------------------------------------------------
[debug] 
[debug] [2026-02-08T00:47:11.242Z] Checked if tokens are valid: true, expires at: 1770514145630
[debug] [2026-02-08T00:47:11.243Z] Checked if tokens are valid: true, expires at: 1770514145630
[debug] [2026-02-08T00:47:11.248Z] >>> [apiv2][query] GET https://monospace-pa.googleapis.com/v1/workspaces/travel-roulette-49074598 [none]
[debug] [2026-02-08T00:47:12.213Z] <<< [apiv2][status] GET https://monospace-pa.googleapis.com/v1/workspaces/travel-roulette-49074598 200
[debug] [2026-02-08T00:47:12.214Z] <<< [apiv2][body] GET https://monospace-pa.googleapis.com/v1/workspaces/travel-roulette-49074598 {"workspaceId":"travel-roulette-49074598","name":"Travel roulette","workspaceRedirectUrl":"firebase-travel-roulette-1770507257422.cluster-va5f6x3wzzh4stde63ddr3qgge.cloudworkstations.dev","status":"WORKSPACE_STATUS_RUNNING","lastAccessDatetime":"2026-02-08T00:09:59.504391Z","workspaceTemplate":"WORKSPACE_TEMPLATE_BLANK_WEB","owner":"SELF","serviceAccountEmail":"msp-8336952141038308714@monospace-1.iam.gserviceaccount.com","enableNix":true,"ownerEmail":"nhck0052@gmail.com","workspaceImageUrl":"https://www.gstatic.com/monospace/231115/logo_html.svg","templateArgs":"{\"__agentic_workspace\":true}","templateRepoUrl":"file:///usr/local/monospace/templates/public/blank-web","workstationAccessToken":"eyJhbGciOiJSUzI1NiIsInR5cCI6IkpXVCJ9.eyJpc3MiOiJodHRwczovL2Nsb3VkLmdvb2dsZS5jb20vd29ya3N0YXRpb25zIiwiYXVkIjoiZmlyZWJhc2UtdHJhdmVsLXJvdWxldHRlLTE3NzA1MDcyNTc0MjIuY2x1c3Rlci12YTVmNngzd3p6aDRzdGRlNjNkZHIzcWdnZS5jbG91ZHdvcmtzdGF0aW9ucy5kZXYiLCJpYXQiOjE3NzA1MTE2MzIsImV4cCI6MTc3MDU5ODAzMn0.FFAz1mbzSBAF4RTiE0dsYnOGZEydWqiBTTMmvjNUsCCrBUJlEpyGqQtgn1-2geD0wL4JchbIIXdE-c7VnPeg-_Q43YleGuzkYKIgKOBG89sgKztWoj9XoI77ZDumN7l6vbVsQ_6x-suaBxy8rI-v5TydJSirlY3ADDOwFtTp7NhFLouYZMFf2pQBHl5MRZZCMiXrHx5RUoTjYJCsVtYNJ7Utt47lPKxzJKzgQqvjusUkejL083-oM-bMwLQwasYLs11smZrfWNE6i_QQ4u7n-fWuW_HO9qtGEi64wG7_BIYMgoIpyxye9TDboyPoQ18GALiVeXN7I8JE8253kl5Juw"}
[info] 
     ######## #### ########  ######## ########     ###     ######  ########
     ##        ##  ##     ## ##       ##     ##  ##   ##  ##       ##
     ######    ##  ########  ######   ########  #########  ######  ######
     ##        ##  ##    ##  ##       ##     ## ##     ##       ## ##
     ##       #### ##     ## ######## ########  ##     ##  ######  ########

You're about to initialize a Firebase project in this directory:

  /home/user/travel-roulette

[debug] [2026-02-08T00:52:24.467Z] ----------------------------------------------------------------------
[debug] [2026-02-08T00:52:24.478Z] Command:       /nix/store/qds3rzxwqrkvhzjxgcb95d2qx4sd9b1l-nodejs-20.11.1/bin/node /home/user/.npm/_npx/ba4f1959e38407b5/node_modules/.bin/firebase init
[debug] [2026-02-08T00:52:24.480Z] CLI Version:   15.5.1
[debug] [2026-02-08T00:52:24.480Z] Platform:      linux
[debug] [2026-02-08T00:52:24.481Z] Node Version:  v20.11.1
[debug] [2026-02-08T00:52:24.481Z] Time:          Sun Feb 08 2026 00:52:24 GMT+0000 (Coordinated Universal Time)
[debug] [2026-02-08T00:52:24.482Z] ----------------------------------------------------------------------
[debug] 
[debug] [2026-02-08T00:52:26.962Z] Checked if tokens are valid: true, expires at: 1770514145630
[debug] [2026-02-08T00:52:26.966Z] Checked if tokens are valid: true, expires at: 1770514145630
[debug] [2026-02-08T00:52:26.988Z] >>> [apiv2][query] GET https://monospace-pa.googleapis.com/v1/workspaces/travel-roulette-49074598 [none]
[debug] [2026-02-08T00:52:28.392Z] <<< [apiv2][status] GET https://monospace-pa.googleapis.com/v1/workspaces/travel-roulette-49074598 200
[debug] [2026-02-08T00:52:28.396Z] <<< [apiv2][body] GET https://monospace-pa.googleapis.com/v1/workspaces/travel-roulette-49074598 {"workspaceId":"travel-roulette-49074598","name":"Travel roulette","workspaceRedirectUrl":"firebase-travel-roulette-1770507257422.cluster-va5f6x3wzzh4stde63ddr3qgge.cloudworkstations.dev","status":"WORKSPACE_STATUS_RUNNING","lastAccessDatetime":"2026-02-08T00:09:59.504391Z","workspaceTemplate":"WORKSPACE_TEMPLATE_BLANK_WEB","owner":"SELF","serviceAccountEmail":"msp-8336952141038308714@monospace-1.iam.gserviceaccount.com","enableNix":true,"ownerEmail":"nhck0052@gmail.com","workspaceImageUrl":"https://www.gstatic.com/monospace/231115/logo_html.svg","templateArgs":"{\"__agentic_workspace\":true}","templateRepoUrl":"file:///usr/local/monospace/templates/public/blank-web","workstationAccessToken":"eyJhbGciOiJSUzI1NiIsInR5cCI6IkpXVCJ9.eyJpc3MiOiJodHRwczovL2Nsb3VkLmdvb2dsZS5jb20vd29ya3N0YXRpb25zIiwiYXVkIjoiZmlyZWJhc2UtdHJhdmVsLXJvdWxldHRlLTE3NzA1MDcyNTc0MjIuY2x1c3Rlci12YTVmNngzd3p6aDRzdGRlNjNkZHIzcWdnZS5jbG91ZHdvcmtzdGF0aW9ucy5kZXYiLCJpYXQiOjE3NzA1MTE5NDgsImV4cCI6MTc3MDU5ODM0OH0.KQ5KqvNQIWJ-XMsVRrPI2F8uD42Urxt71m4yY_yjKRdbyeiGhZ1WxCuaeGZ1YopEbWvPNKVaaahtiWFL36GiQQ5DMiBTdKSO-MXcJ5sluSikp2sgQRJefkU-BOC3znXCKskHZbgGEjfO6SB7RCVMKEQvf0O0mn3vtz2jjcZFjfBkoImBjCDrgLe4gyilKv49hbC1EgiU4SreRBKK_4vsG9Rl0d2N2cMmJNCEfWCZhaGuP1u3aBrKjWqcWbbLUq8iorOxE3SERw4N9fPMcD0ouYfouAlAcgFwNUv-AiA1BnDrQJOPuw4CXjt55IMUarVAu90mCo3VUD167IdVYCZaDA"}
[info] 
     ######## #### ########  ######## ########     ###     ######  ########
     ##        ##  ##     ## ##       ##     ##  ##   ##  ##       ##
     ######    ##  ########  ######   ########  #########  ######  ######
     ##        ##  ##    ##  ##       ##     ## ##     ##       ## ##
     ##       #### ##     ## ######## ########  ##     ##  ######  ########

You're about to initialize a Firebase project in this directory:

  /home/user/travel-roulette

[debug] [2026-02-08T00:57:38.530Z] ----------------------------------------------------------------------
[debug] [2026-02-08T00:57:38.533Z] Command:       /nix/store/qds3rzxwqrkvhzjxgcb95d2qx4sd9b1l-nodejs-20.11.1/bin/node /home/user/.npm/_npx/ba4f1959e38407b5/node_modules/.bin/firebase init
[debug] [2026-02-08T00:57:38.534Z] CLI Version:   15.5.1
[debug] [2026-02-08T00:57:38.534Z] Platform:      linux
[debug] [2026-02-08T00:57:38.534Z] Node Version:  v20.11.1
[debug] [2026-02-08T00:57:38.535Z] Time:          Sun Feb 08 2026 00:57:38 GMT+0000 (Coordinated Universal Time)
[debug] [2026-02-08T00:57:38.535Z] ----------------------------------------------------------------------
[debug] 
[debug] [2026-02-08T00:57:39.900Z] Checked if tokens are valid: true, expires at: 1770514145630
[debug] [2026-02-08T00:57:39.900Z] Checked if tokens are valid: true, expires at: 1770514145630
[debug] [2026-02-08T00:57:39.905Z] >>> [apiv2][query] GET https://monospace-pa.googleapis.com/v1/workspaces/travel-roulette-49074598 [none]
[debug] [2026-02-08T00:57:40.911Z] <<< [apiv2][status] GET https://monospace-pa.googleapis.com/v1/workspaces/travel-roulette-49074598 200
[debug] [2026-02-08T00:57:40.911Z] <<< [apiv2][body] GET https://monospace-pa.googleapis.com/v1/workspaces/travel-roulette-49074598 {"workspaceId":"travel-roulette-49074598","name":"Travel roulette","workspaceRedirectUrl":"firebase-travel-roulette-1770507257422.cluster-va5f6x3wzzh4stde63ddr3qgge.cloudworkstations.dev","status":"WORKSPACE_STATUS_RUNNING","lastAccessDatetime":"2026-02-08T00:09:59.504391Z","workspaceTemplate":"WORKSPACE_TEMPLATE_BLANK_WEB","owner":"SELF","serviceAccountEmail":"msp-8336952141038308714@monospace-1.iam.gserviceaccount.com","enableNix":true,"ownerEmail":"nhck0052@gmail.com","workspaceImageUrl":"https://www.gstatic.com/monospace/231115/logo_html.svg","templateArgs":"{\"__agentic_workspace\":true}","templateRepoUrl":"file:///usr/local/monospace/templates/public/blank-web","workstationAccessToken":"eyJhbGciOiJSUzI1NiIsInR5cCI6IkpXVCJ9.eyJpc3MiOiJodHRwczovL2Nsb3VkLmdvb2dsZS5jb20vd29ya3N0YXRpb25zIiwiYXVkIjoiZmlyZWJhc2UtdHJhdmVsLXJvdWxldHRlLTE3NzA1MDcyNTc0MjIuY2x1c3Rlci12YTVmNngzd3p6aDRzdGRlNjNkZHIzcWdnZS5jbG91ZHdvcmtzdGF0aW9ucy5kZXYiLCJpYXQiOjE3NzA1MTIyNjAsImV4cCI6MTc3MDU5ODY2MH0.RU3RKSXcCoNl9JRTNkEpiHTm1Gw-1eeOd2rT_5zN9H7_lkHt04DAwFO3ogUM5sZw8kG7JpCga4Xf59FZl3BStYvXGqRFEDHTpVGI65Q6D8OyPXlhqVSdYS8AfeFEofQCcAPH0GiS31bERgh1HzwVyuqJ1IuIYMZ4FUrNF-IhyLRy8-H-_BzGc8AXtIyS9u5VMdHKKlgd1KtNQhhfYmiU1etNF2O6_Ks_V4GQW2ox29dsguabxLV0NvhEvDrBzNQwxe5fBlrxT8onoUfSeIg-1CC2YPOxFnFnfZig1tJFrEBBDrNn44XMxoByfXDmPzL4z3N-JxA3Rl1S7OKiV05eCQ"}
[info] 
     ######## #### ########  ######## ########     ###     ######  ########
     ##        ##  ##     ## ##       ##     ##  ##   ##  ##       ##
     ######    ##  ########  ######   ########  #########  ######  ######
     ##        ##  ##    ##  ##       ##     ## ##     ##       ## ##
     ##       #### ##     ## ######## ########  ##     ##  ######  ########

You're about to initialize a Firebase project in this directory:

  /home/user/travel-roulette

[debug] [2026-02-08T01:02:52.795Z] ----------------------------------------------------------------------
[debug] [2026-02-08T01:02:52.798Z] Command:       /nix/store/qds3rzxwqrkvhzjxgcb95d2qx4sd9b1l-nodejs-20.11.1/bin/node /home/user/.npm/_npx/ba4f1959e38407b5/node_modules/.bin/firebase init
[debug] [2026-02-08T01:02:52.799Z] CLI Version:   15.5.1
[debug] [2026-02-08T01:02:52.800Z] Platform:      linux
[debug] [2026-02-08T01:02:52.800Z] Node Version:  v20.11.1
[debug] [2026-02-08T01:02:52.800Z] Time:          Sun Feb 08 2026 01:02:52 GMT+0000 (Coordinated Universal Time)
[debug] [2026-02-08T01:02:52.800Z] ----------------------------------------------------------------------
[debug] 
[debug] [2026-02-08T01:02:54.187Z] Checked if tokens are valid: true, expires at: 1770514145630
[debug] [2026-02-08T01:02:54.188Z] Checked if tokens are valid: true, expires at: 1770514145630
[debug] [2026-02-08T01:02:54.197Z] >>> [apiv2][query] GET https://monospace-pa.googleapis.com/v1/workspaces/travel-roulette-49074598 [none]
[debug] [2026-02-08T01:02:55.281Z] <<< [apiv2][status] GET https://monospace-pa.googleapis.com/v1/workspaces/travel-roulette-49074598 200
[debug] [2026-02-08T01:02:55.282Z] <<< [apiv2][body] GET https://monospace-pa.googleapis.com/v1/workspaces/travel-roulette-49074598 {"workspaceId":"travel-roulette-49074598","name":"Travel roulette","workspaceRedirectUrl":"firebase-travel-roulette-1770507257422.cluster-va5f6x3wzzh4stde63ddr3qgge.cloudworkstations.dev","status":"WORKSPACE_STATUS_RUNNING","lastAccessDatetime":"2026-02-08T00:09:59.504391Z","workspaceTemplate":"WORKSPACE_TEMPLATE_BLANK_WEB","owner":"SELF","serviceAccountEmail":"msp-8336952141038308714@monospace-1.iam.gserviceaccount.com","enableNix":true,"ownerEmail":"nhck0052@gmail.com","workspaceImageUrl":"https://www.gstatic.com/monospace/231115/logo_html.svg","templateArgs":"{\"__agentic_workspace\":true}","templateRepoUrl":"file:///usr/local/monospace/templates/public/blank-web","workstationAccessToken":"eyJhbGciOiJSUzI1NiIsInR5cCI6IkpXVCJ9.eyJpc3MiOiJodHRwczovL2Nsb3VkLmdvb2dsZS5jb20vd29ya3N0YXRpb25zIiwiYXVkIjoiZmlyZWJhc2UtdHJhdmVsLXJvdWxldHRlLTE3NzA1MDcyNTc0MjIuY2x1c3Rlci12YTVmNngzd3p6aDRzdGRlNjNkZHIzcWdnZS5jbG91ZHdvcmtzdGF0aW9ucy5kZXYiLCJpYXQiOjE3NzA1MTI1NzUsImV4cCI6MTc3MDU5ODk3NX0.mXIdYmyAbw1_z7aoxYRbAvl4OeCv6Pj0cZl_IwZtmzmPPZ0syw1FwVA-v2Rnnjokve5jotdAr4znr5pvESj20dUz9uv3M5KPqbHrqjUWmcLouwuR4yebSPojYXOj_mcONqnVXYQMHSmN9oAq7vsUDETi8e2ibn0MGlDtS2zGxZlAz1zYriXSLdkufWrF0I5--3DciAGzvv6EqPJf6j6-PiY2yt7gNF3H-BsDAoCXNVKd93PeWyOPvOyovuHCQx8igK62L1srvgbjrLa4z6xNATgOGw7c_sta8GE-YCIfNB_CaFdG1sF6Fhd0peEk_n4AzkJmWiPIbGvA72TcAFse0g"}
[info] 
     ######## #### ########  ######## ########     ###     ######  ########
     ##        ##  ##     ## ##       ##     ##  ##   ##  ##       ##
     ######    ##  ########  ######   ########  #########  ######  ######
     ##        ##  ##    ##  ##       ##     ## ##     ##       ## ##
     ##       #### ##     ## ######## ########  ##     ##  ######  ########

You're about to initialize a Firebase project in this directory:

  /home/user/travel-roulette

[debug] [2026-02-08T01:08:03.558Z] ----------------------------------------------------------------------
[debug] [2026-02-08T01:08:03.561Z] Command:       /nix/store/qds3rzxwqrkvhzjxgcb95d2qx4sd9b1l-nodejs-20.11.1/bin/node /home/user/.npm/_npx/ba4f1959e38407b5/node_modules/.bin/firebase init
[debug] [2026-02-08T01:08:03.562Z] CLI Version:   15.5.1
[debug] [2026-02-08T01:08:03.562Z] Platform:      linux
[debug] [2026-02-08T01:08:03.562Z] Node Version:  v20.11.1
[debug] [2026-02-08T01:08:03.562Z] Time:          Sun Feb 08 2026 01:08:03 GMT+0000 (Coordinated Universal Time)
[debug] [2026-02-08T01:08:03.563Z] ----------------------------------------------------------------------
[debug] 
[debug] [2026-02-08T01:08:05.235Z] Checked if tokens are valid: true, expires at: 1770514145630
[debug] [2026-02-08T01:08:05.236Z] Checked if tokens are valid: true, expires at: 1770514145630
[debug] [2026-02-08T01:08:05.241Z] >>> [apiv2][query] GET https://monospace-pa.googleapis.com/v1/workspaces/travel-roulette-49074598 [none]
[debug] [2026-02-08T01:08:06.315Z] <<< [apiv2][status] GET https://monospace-pa.googleapis.com/v1/workspaces/travel-roulette-49074598 200
[debug] [2026-02-08T01:08:06.316Z] <<< [apiv2][body] GET https://monospace-pa.googleapis.com/v1/workspaces/travel-roulette-49074598 {"workspaceId":"travel-roulette-49074598","name":"Travel roulette","workspaceRedirectUrl":"firebase-travel-roulette-1770507257422.cluster-va5f6x3wzzh4stde63ddr3qgge.cloudworkstations.dev","status":"WORKSPACE_STATUS_RUNNING","lastAccessDatetime":"2026-02-08T00:09:59.504391Z","workspaceTemplate":"WORKSPACE_TEMPLATE_BLANK_WEB","owner":"SELF","serviceAccountEmail":"msp-8336952141038308714@monospace-1.iam.gserviceaccount.com","enableNix":true,"ownerEmail":"nhck0052@gmail.com","workspaceImageUrl":"https://www.gstatic.com/monospace/231115/logo_html.svg","templateArgs":"{\"__agentic_workspace\":true}","templateRepoUrl":"file:///usr/local/monospace/templates/public/blank-web","workstationAccessToken":"eyJhbGciOiJSUzI1NiIsInR5cCI6IkpXVCJ9.eyJpc3MiOiJodHRwczovL2Nsb3VkLmdvb2dsZS5jb20vd29ya3N0YXRpb25zIiwiYXVkIjoiZmlyZWJhc2UtdHJhdmVsLXJvdWxldHRlLTE3NzA1MDcyNTc0MjIuY2x1c3Rlci12YTVmNngzd3p6aDRzdGRlNjNkZHIzcWdnZS5jbG91ZHdvcmtzdGF0aW9ucy5kZXYiLCJpYXQiOjE3NzA1MTI4ODYsImV4cCI6MTc3MDU5OTI4Nn0.kz6IIDmAL29J-RzZ__dYjRbYwwLZg5fIA_TKt9ih6o1qzJpiwV2Pq9KHe8VHXgEwXHOVKd0FX2oZ5gJXU0_G0F-kkGfEHEZqczTS2z59JndSm_1zVBN9YsW-FoSckBjfvIMTIZLe8sSBd_oxRrNDwJBbo5ruL0gNBW_larcvUJ6Ex-znVuV9xUtEyY8gK8yZTvu4YoaST_9QQl0LsN1i6b-pQExoyjgKEMNGdjmYSf-9Z2C1K_TiOLadyai10zhHKKZ8JbEVtrGjf6gdNkk-NgETI8WvPLyYfhSj_kQJ-XBBFuwZO24KDJI0rQEn41I3D6f_qwYsA1K-GoDb8Xc3_A"}
[info] 
     ######## #### ########  ######## ########     ###     ######  ########
     ##        ##  ##     ## ##       ##     ##  ##   ##  ##       ##
     ######    ##  ########  ######   ########  #########  ######  ######
     ##        ##  ##    ##  ##       ##     ## ##     ##       ## ##
     ##       #### ##     ## ######## ########  ##     ##  ######  ########

You're about to initialize a Firebase project in this directory:

  /home/user/travel-roulette

